<?xml version="1.0" encoding="UTF-8"?>
<robot generator="Robot 3.2.1 (Python 3.8.3 on win32)" generated="20200701 00:22:26.309" rpa="false">
<suite id="s1" name="RobotIntroduction" source="C:\Users\LENOVO\BdBRobot\RobotIntroduction">
<suite id="s1-s1" name="Test" source="C:\Users\LENOVO\BdBRobot\RobotIntroduction\test">
<suite id="s1-s1-s1" name="LoginSuiteDeTest" source="C:\Users\LENOVO\BdBRobot\RobotIntroduction\test\LoginSuiteDeTest.robot">
<test id="s1-s1-s1-t1" name="LoginTest">
<kw name="Open Browser" library="SeleniumLibrary">
<doc>Opens a new browser instance to the optional ``url``.</doc>
<arguments>
<arg>https://opensource-demo.orangehrmlive.com/index.php/auth/login</arg>
<arg>gc</arg>
</arguments>
<msg timestamp="20200701 00:22:26.610" level="INFO">Opening browser 'gc' to base url 'https://opensource-demo.orangehrmlive.com/index.php/auth/login'.</msg>
<status status="PASS" starttime="20200701 00:22:26.609" endtime="20200701 00:22:30.635"></status>
</kw>
<kw name="Set Browser Implicit Wait" library="SeleniumLibrary">
<doc>Sets the implicit wait value used by Selenium.</doc>
<arguments>
<arg>5</arg>
</arguments>
<status status="PASS" starttime="20200701 00:22:30.635" endtime="20200701 00:22:30.637"></status>
</kw>
<kw name="Input Text" library="SeleniumLibrary">
<doc>Types the given ``text`` into the text field identified by ``locator``.</doc>
<arguments>
<arg>id=txtUsername</arg>
<arg>Admin</arg>
</arguments>
<msg timestamp="20200701 00:22:30.638" level="INFO">Typing text 'Admin' into text field 'id=txtUsername'.</msg>
<status status="PASS" starttime="20200701 00:22:30.638" endtime="20200701 00:22:30.747"></status>
</kw>
<kw name="Input Password" library="SeleniumLibrary">
<doc>Types the given password into the text field identified by ``locator``.</doc>
<arguments>
<arg>id=txtPassword</arg>
<arg>admin123</arg>
</arguments>
<msg timestamp="20200701 00:22:30.748" level="INFO">Typing password into text field 'id=txtPassword'.</msg>
<msg timestamp="20200701 00:22:30.794" level="INFO">Temporally setting log level to: NONE</msg>
<msg timestamp="20200701 00:22:30.848" level="INFO">Log level changed from NONE to INFO.</msg>
<status status="PASS" starttime="20200701 00:22:30.748" endtime="20200701 00:22:30.848"></status>
</kw>
<kw name="Click Button" library="SeleniumLibrary">
<doc>Clicks the button identified by ``locator``.</doc>
<arguments>
<arg>id=btnLogin</arg>
</arguments>
<msg timestamp="20200701 00:22:30.849" level="INFO">Clicking button 'id=btnLogin'.</msg>
<status status="PASS" starttime="20200701 00:22:30.848" endtime="20200701 00:22:32.195"></status>
</kw>
<kw name="Click Element" library="SeleniumLibrary">
<doc>Click the element identified by ``locator``.</doc>
<arguments>
<arg>id=welcome</arg>
</arguments>
<msg timestamp="20200701 00:22:32.196" level="INFO">Clicking element 'id=welcome'.</msg>
<status status="PASS" starttime="20200701 00:22:32.196" endtime="20200701 00:22:32.264"></status>
</kw>
<kw name="Click Element" library="SeleniumLibrary">
<doc>Click the element identified by ``locator``.</doc>
<arguments>
<arg>link=Logout</arg>
</arguments>
<msg timestamp="20200701 00:22:32.265" level="INFO">Clicking element 'link=Logout'.</msg>
<status status="PASS" starttime="20200701 00:22:32.264" endtime="20200701 00:22:33.027"></status>
</kw>
<kw name="Log" library="BuiltIn">
<doc>Logs the given message with the given level.</doc>
<arguments>
<arg>Fin du test</arg>
</arguments>
<msg timestamp="20200701 00:22:33.028" level="INFO">Fin du test</msg>
<status status="PASS" starttime="20200701 00:22:33.027" endtime="20200701 00:22:33.029"></status>
</kw>
<doc>Tester le Login Logout</doc>
<status status="PASS" starttime="20200701 00:22:26.608" endtime="20200701 00:22:33.029" critical="yes"></status>
</test>
<status status="PASS" starttime="20200701 00:22:26.376" endtime="20200701 00:22:33.031"></status>
</suite>
<status status="PASS" starttime="20200701 00:22:26.372" endtime="20200701 00:22:33.035"></status>
</suite>
<status status="PASS" starttime="20200701 00:22:26.345" endtime="20200701 00:22:33.037"></status>
</suite>
<statistics>
<total>
<stat pass="1" fail="0">Critical Tests</stat>
<stat pass="1" fail="0">All Tests</stat>
</total>
<tag>
</tag>
<suite>
<stat pass="1" fail="0" id="s1" name="RobotIntroduction">RobotIntroduction</stat>
<stat pass="1" fail="0" id="s1-s1" name="Test">RobotIntroduction.Test</stat>
<stat pass="1" fail="0" id="s1-s1-s1" name="LoginSuiteDeTest">RobotIntroduction.Test.LoginSuiteDeTest</stat>
</suite>
</statistics>
<errors>
</errors>
</robot>
